2020-03-17 19:56:21,565  INFO [main] Test for Three Stars Hotels:39 - Page Title Verification Starts
2020-03-17 19:56:22,492  INFO [main] Test for Three Stars Hotels:43 - Page Title Verification Finishs
2020-03-17 19:56:30,886  INFO [main] Test for Three Stars Hotels:50 - Page Header Verification Starts
2020-03-17 19:56:31,473  INFO [main] Test for Three Stars Hotels:55 - Page Headar Verification Finishs
2020-03-17 19:56:40,892  INFO [main] Test for Three Stars Hotels:61 - Lets take a break for collecting all list
2020-03-17 19:59:50,203  INFO [main] Test for Three Stars Hotels:66 - Collecting list Finishs
2020-03-18 10:51:05,549  INFO [main] Test for Three Stars Hotels:63 - Lets take a break for collecting all list
2020-03-18 10:51:34,681  INFO [main] Test for Three Stars Hotels:63 - Lets take a break for collecting all list
2020-03-18 10:54:44,191  INFO [main] Test for Three Stars Hotels:68 - Collectiong the List for Three Stars Hotels Finishes
2020-03-18 11:01:06,212  INFO [main] Test for Four Stars Hotels:40 - Page Title Verification for Four Stars Hotels starts
2020-03-18 11:01:07,089  INFO [main] Test for Four Stars Hotels:44 - Page Title Verification for Four Stars HotelsFinishes
2020-03-18 11:01:21,820  INFO [main] Test for Four Stars Hotels:51 - Headar Verification for Four Stars Hotels starts
2020-03-18 11:02:21,036  INFO [main] Test for Four Stars Hotels:40 - Page Title Verification for Four Stars Hotels starts
2020-03-18 11:02:21,093  INFO [main] Test for Four Stars Hotels:44 - Page Title Verification for Four Stars HotelsFinishes
2020-03-18 11:02:29,875  INFO [main] Test for Four Stars Hotels:51 - Headar Verification for Four Stars Hotels starts
2020-03-18 11:02:30,396  INFO [main] Test for Four Stars Hotels:56 - Headar Verification for Four Stars Hotels Finishes
2020-03-18 11:02:40,533  INFO [main] Test for Four Stars Hotels:62 - Lets take a break for collecting all list
2020-03-18 11:05:45,478  INFO [main] Test for Four Stars Hotels:67 - Collectiong the List for Four Stars Hotels Finishes
2020-03-18 11:09:18,558  INFO [main] Test for Four Stars Hotels:40 - Page Title Verification for Four Stars Hotels starts
2020-03-18 11:09:19,421  INFO [main] Test for Four Stars Hotels:44 - Page Title Verification for Four Stars HotelsFinishes
2020-03-18 11:09:30,305  INFO [main] Test for Four Stars Hotels:51 - Headar Verification for Four Stars Hotels starts
2020-03-18 11:09:30,514  INFO [main] Test for Four Stars Hotels:56 - Headar Verification for Four Stars Hotels Finishes
2020-03-18 11:09:40,200  INFO [main] Test for Four Stars Hotels:62 - Lets take a break for collecting all list
2020-03-18 11:12:44,757  INFO [main] Test for Four Stars Hotels:67 - Collectiong the List for Four Stars Hotels Finishes
2020-03-27 15:52:51,420  INFO [main] Test for Four Stars Hotels:40 - Page Title Verification for Four Stars Hotels starts
2020-03-27 15:54:21,511  INFO [main] Test for Four Stars Hotels:40 - Page Title Verification for Four Stars Hotels starts
2020-03-27 15:56:28,159  INFO [main] Test for Four Stars Hotels:40 - Page Title Verification for Four Stars Hotels starts
2020-03-27 15:56:28,313  INFO [main] Test for Four Stars Hotels:44 - Page Title Verification for Four Stars HotelsFinishes
2020-03-27 15:56:43,995  INFO [main] Test for Four Stars Hotels:51 - Headar Verification for Four Stars Hotels starts
2020-03-27 15:56:44,768  INFO [main] Test for Four Stars Hotels:56 - Headar Verification for Four Stars Hotels Finishes
2020-03-27 15:56:56,989  INFO [main] Test for Three Stars Hotels:63 - Lets take a break for collecting all list
2020-03-27 16:00:17,527  INFO [main] Test for Three Stars Hotels:68 - Collectiong the List for Three Stars Hotels Finishes
2020-03-27 16:00:30,360  INFO [main] Test for Four Stars Hotels:62 - Lets take a break for collecting all list
2020-03-27 16:03:38,309  INFO [main] Test for Four Stars Hotels:67 - Collectiong the List for Four Stars Hotels Finishes
2020-03-30 17:50:43,191  INFO [main] Test for Four Stars Hotels:40 - Page Title Verification for Four Stars Hotels starts
2020-03-30 17:53:35,660  INFO [main] Test for Four Stars Hotels:40 - Page Title Verification for Four Stars Hotels starts
2020-03-30 17:55:04,930  INFO [main] Test for Four Stars Hotels:40 - Page Title Verification for Four Stars Hotels starts
2020-03-30 17:55:06,170  INFO [main] Test for Four Stars Hotels:44 - Page Title Verification for Four Stars HotelsFinishes
2020-03-30 17:55:19,425  INFO [main] Test for Four Stars Hotels:51 - Headar Verification for Four Stars Hotels starts
2020-03-30 17:55:21,082  INFO [main] Test for Four Stars Hotels:56 - Headar Verification for Four Stars Hotels Finishes
2020-03-30 17:55:37,434  INFO [main] Test for Three Stars Hotels:63 - Lets take a break for collecting all list
2020-03-30 17:58:53,865  INFO [main] Test for Three Stars Hotels:68 - Collectiong the List for Three Stars Hotels Finishes
2020-03-30 17:59:09,321  INFO [main] Test for Four Stars Hotels:62 - Lets take a break for collecting all list
2020-03-30 18:02:17,418  INFO [main] Test for Four Stars Hotels:67 - Collectiong the List for Four Stars Hotels Finishes
2020-03-30 18:05:19,214  INFO [main] Test for Four Stars Hotels:40 - Page Title Verification for Four Stars Hotels starts
2020-03-30 18:05:20,386  INFO [main] Test for Four Stars Hotels:44 - Page Title Verification for Four Stars HotelsFinishes
2020-03-30 18:05:32,141  INFO [main] Test for Four Stars Hotels:51 - Headar Verification for Four Stars Hotels starts
2020-03-30 18:05:33,974  INFO [main] Test for Four Stars Hotels:56 - Headar Verification for Four Stars Hotels Finishes
2020-03-30 18:05:45,710  INFO [main] Test for Four Stars Hotels:62 - Lets take a break for collecting all list
2020-03-30 18:08:51,252  INFO [main] Test for Four Stars Hotels:67 - Collectiong the List for Four Stars Hotels Finishes
2020-03-30 18:13:24,109  INFO [main] Test for Four Stars Hotels:40 - Page Title Verification for Four Stars Hotels starts
2020-03-30 18:13:24,474  INFO [main] Test for Four Stars Hotels:44 - Page Title Verification for Four Stars HotelsFinishes
2020-03-30 18:13:41,658  INFO [main] Test for Four Stars Hotels:51 - Headar Verification for Four Stars Hotels starts
2020-03-30 18:13:43,615  INFO [main] Test for Four Stars Hotels:56 - Headar Verification for Four Stars Hotels Finishes
2020-03-30 18:13:58,082  INFO [main] Test for Three Stars Hotels:63 - Lets take a break for collecting all list
2020-03-30 18:17:08,078  INFO [main] Test for Three Stars Hotels:68 - Collectiong the List for Three Stars Hotels Finishes
2020-03-30 18:17:25,957  INFO [main] Test for Four Stars Hotels:62 - Lets take a break for collecting all list
2020-03-30 18:20:33,243  INFO [main] Test for Four Stars Hotels:67 - Collectiong the List for Four Stars Hotels Finishes
2020-04-08 15:08:50,048  INFO [main] Test for Four Stars Hotels:40 - Page Title Verification for Four Stars Hotels starts
2020-04-08 15:08:50,514  INFO [main] Test for Four Stars Hotels:44 - Page Title Verification for Four Stars HotelsFinishes
2020-04-08 15:09:00,549  INFO [main] Test for Four Stars Hotels:51 - Headar Verification for Four Stars Hotels starts
2020-04-08 15:09:01,730  INFO [main] Test for Four Stars Hotels:56 - Headar Verification for Four Stars Hotels Finishes
2020-04-08 15:09:11,705  INFO [main] Test for Three Stars Hotels:63 - Lets take a break for collecting all list
2020-04-08 15:12:21,055  INFO [main] Test for Three Stars Hotels:68 - Collectiong the List for Three Stars Hotels Finishes
2020-04-08 15:12:31,617  INFO [main] Test for Four Stars Hotels:62 - Lets take a break for collecting all list
2020-04-08 15:15:37,643  INFO [main] Test for Four Stars Hotels:67 - Collectiong the List for Four Stars Hotels Finishes
